RenRenDiTuiApp/build/outputs/logs/manifest-merger-release-report.txt
-- Merging decision tree log ---
manifest
ADDED from src\main\AndroidManifest.xml:2:1-119:12
	xmlns:android
		ADDED from src\main\AndroidManifest.xml:2:11-69
	package
		ADDED from src\main\AndroidManifest.xml:3:5-32
		INJECTED from src\main\AndroidManifest.xml
		INJECTED from src\main\AndroidManifest.xml
	android:versionName
		ADDED from src\main\AndroidManifest.xml:5:5-32
	android:versionCode
		ADDED from src\main\AndroidManifest.xml:4:5-30
		INJECTED from src\main\AndroidManifest.xml
		INJECTED from src\main\AndroidManifest.xml
uses-sdk
ADDED from src\main\AndroidManifest.xml:7:5-9:38
	android:targetSdkVersion
		INJECTED from src\main\AndroidManifest.xml
		INJECTED from src\main\AndroidManifest.xml
	android:minSdkVersion
		ADDED from src\main\AndroidManifest.xml:9:9-35
		INJECTED from src\main\AndroidManifest.xml
		INJECTED from src\main\AndroidManifest.xml
	android:maxSdkVersion
		ADDED from src\main\AndroidManifest.xml:8:9-35
uses-permission#android.permission.ACCESS_NETWORK_STATE
ADDED from src\main\AndroidManifest.xml:11:5-79
	android:name
		ADDED from src\main\AndroidManifest.xml:11:22-76
uses-permission#android.permission.INTERNET
ADDED from src\main\AndroidManifest.xml:12:5-67
	android:name
		ADDED from src\main\AndroidManifest.xml:12:22-64
uses-permission#android.permission.CALL_PHONE
ADDED from src\main\AndroidManifest.xml:13:5-69
	android:name
		ADDED from src\main\AndroidManifest.xml:13:22-66
uses-permission#android.permission.MOUNT_UNMOUNT_FILESYSTEMS
ADDED from src\main\AndroidManifest.xml:14:5-84
	android:name
		ADDED from src\main\AndroidManifest.xml:14:22-81
uses-permission#android.permission.WRITE_EXTERNAL_STORAGE
ADDED from src\main\AndroidManifest.xml:15:5-81
	android:name
		ADDED from src\main\AndroidManifest.xml:15:22-78
uses-permission#android.permission.ACCESS_COARSE_LOCATION
ADDED from src\main\AndroidManifest.xml:16:5-81
	android:name
		ADDED from src\main\AndroidManifest.xml:16:22-78
uses-permission#android.permission.ACCESS_FINE_LOCATION
ADDED from src\main\AndroidManifest.xml:17:5-79
	android:name
		ADDED from src\main\AndroidManifest.xml:17:22-76
uses-permission#android.permission.CAMERA
ADDED from src\main\AndroidManifest.xml:19:5-65
	android:name
		ADDED from src\main\AndroidManifest.xml:19:22-62
uses-permission#android.permission.RECORD_AUDIO
ADDED from src\main\AndroidManifest.xml:20:5-71
	android:name
		ADDED from src\main\AndroidManifest.xml:20:22-68
uses-permission#android.permission.RECEIVE_USER_PRESENT
ADDED from src\main\AndroidManifest.xml:23:5-79
	android:name
		ADDED from src\main\AndroidManifest.xml:23:22-76
uses-permission#android.permission.READ_PHONE_STATE
ADDED from src\main\AndroidManifest.xml:24:5-75
	android:name
		ADDED from src\main\AndroidManifest.xml:24:22-72
uses-permission#android.permission.ACCESS_LOCATION_EXTRA_COMMANDS
ADDED from src\main\AndroidManifest.xml:27:5-89
	android:name
		ADDED from src\main\AndroidManifest.xml:27:22-86
uses-permission#android.permission.CHANGE_NETWORK_STATE
ADDED from src\main\AndroidManifest.xml:28:5-79
	android:name
		ADDED from src\main\AndroidManifest.xml:28:22-76
uses-permission#android.permission.WAKE_LOCK
ADDED from src\main\AndroidManifest.xml:29:5-68
	android:name
		ADDED from src\main\AndroidManifest.xml:29:22-65
uses-permission#android.permission.READ_EXTERNAL_STORAGE
ADDED from src\main\AndroidManifest.xml:30:5-80
	android:name
		ADDED from src\main\AndroidManifest.xml:30:22-77
uses-permission#android.permission.VIBRATE
ADDED from src\main\AndroidManifest.xml:31:5-66
	android:name
		ADDED from src\main\AndroidManifest.xml:31:22-63
uses-permission#android.permission.SYSTEM_ALERT_WINDOW
ADDED from src\main\AndroidManifest.xml:32:5-78
	android:name
		ADDED from src\main\AndroidManifest.xml:32:22-75
uses-permission#android.permission.GET_TASKS
ADDED from src\main\AndroidManifest.xml:37:5-68
	android:name
		ADDED from src\main\AndroidManifest.xml:37:22-65
uses-permission#android.permission.RECEIVE_BOOT_COMPLETED
ADDED from src\main\AndroidManifest.xml:39:5-81
	android:name
		ADDED from src\main\AndroidManifest.xml:39:22-78
uses-permission#android.permission.GET_ACCOUNTS
ADDED from src\main\AndroidManifest.xml:40:5-71
	android:name
		ADDED from src\main\AndroidManifest.xml:40:22-68
uses-permission#android.permission.USE_CREDENTIALS
ADDED from src\main\AndroidManifest.xml:41:5-74
	android:name
		ADDED from src\main\AndroidManifest.xml:41:22-71
uses-permission#android.permission.MANAGE_ACCOUNTS
ADDED from src\main\AndroidManifest.xml:42:5-74
	android:name
		ADDED from src\main\AndroidManifest.xml:42:22-71
uses-permission#android.permission.AUTHENTICATE_ACCOUNTS
ADDED from src\main\AndroidManifest.xml:43:5-80
	android:name
		ADDED from src\main\AndroidManifest.xml:43:22-77
uses-permission#com.android.launcher.permission.READ_SETTINGS
ADDED from src\main\AndroidManifest.xml:44:5-85
	android:name
		ADDED from src\main\AndroidManifest.xml:44:22-82
uses-permission#android.permission.CHANGE_WIFI_STATE
ADDED from src\main\AndroidManifest.xml:45:5-76
	android:name
		ADDED from src\main\AndroidManifest.xml:45:22-73
uses-permission#android.permission.ACCESS_WIFI_STATE
ADDED from src\main\AndroidManifest.xml:46:5-76
	android:name
		ADDED from src\main\AndroidManifest.xml:46:22-73
uses-permission#android.permission.BROADCAST_STICKY
ADDED from src\main\AndroidManifest.xml:47:5-75
	android:name
		ADDED from src\main\AndroidManifest.xml:47:22-72
uses-permission#android.permission.WRITE_SETTINGS
ADDED from src\main\AndroidManifest.xml:48:5-73
	android:name
		ADDED from src\main\AndroidManifest.xml:48:22-70
uses-permission#android.permission.INTERACT_ACROSS_USERS_FULL
ADDED from src\main\AndroidManifest.xml:49:5-84
	android:name
		ADDED from src\main\AndroidManifest.xml:49:22-82
application
ADDED from src\main\AndroidManifest.xml:52:5-117:19
	android:label
		ADDED from src\main\AndroidManifest.xml:56:9-41
	android:allowBackup
		ADDED from src\main\AndroidManifest.xml:54:9-35
	android:icon
		ADDED from src\main\AndroidManifest.xml:55:9-38
	android:theme
		ADDED from src\main\AndroidManifest.xml:57:9-40
	android:name
		ADDED from src\main\AndroidManifest.xml:53:9-55
activity#com.renrentui.app.WelcomeActivity
ADDED from src\main\AndroidManifest.xml:58:9-67:20
	android:label
		ADDED from src\main\AndroidManifest.xml:60:13-45
	android:theme
		ADDED from src\main\AndroidManifest.xml:61:13-77
	android:name
		ADDED from src\main\AndroidManifest.xml:59:13-61
intent-filter#android.intent.action.MAIN+android.intent.category.LAUNCHER
ADDED from src\main\AndroidManifest.xml:63:13-66:29
action#android.intent.action.MAIN
ADDED from src\main\AndroidManifest.xml:64:17-69
	android:name
		ADDED from src\main\AndroidManifest.xml:64:25-66
category#android.intent.category.LAUNCHER
ADDED from src\main\AndroidManifest.xml:65:17-77
	android:name
		ADDED from src\main\AndroidManifest.xml:65:27-74
activity#com.user.activity.LoginActivity
ADDED from src\main\AndroidManifest.xml:68:9-68
	android:name
		ADDED from src\main\AndroidManifest.xml:68:19-65
activity#com.task.activity.MyTaskMaterialActivity
ADDED from src\main\AndroidManifest.xml:69:9-71:47
	android:name
		ADDED from src\main\AndroidManifest.xml:70:13-68
	android:launchMode
		ADDED from src\main\AndroidManifest.xml:71:13-44
activity#com.task.activity.NoGoingTaskActicity
ADDED from src\main\AndroidManifest.xml:72:9-74:47
	android:name
		ADDED from src\main\AndroidManifest.xml:73:13-65
	android:launchMode
		ADDED from src\main\AndroidManifest.xml:74:13-44
activity#com.task.activity.TaskDetailInfoActivity
ADDED from src\main\AndroidManifest.xml:75:9-77
	android:name
		ADDED from src\main\AndroidManifest.xml:75:19-74
activity#com.task.activity.MyTaskFramentActivity
ADDED from src\main\AndroidManifest.xml:76:9-78:25
	android:name
		ADDED from src\main\AndroidManifest.xml:77:13-67
activity#com.user.activity.FindPwdActivity
ADDED from src\main\AndroidManifest.xml:79:9-70
	android:name
		ADDED from src\main\AndroidManifest.xml:79:19-67
activity#com.user.activity.RegisterActivity
ADDED from src\main\AndroidManifest.xml:80:9-71
	android:name
		ADDED from src\main\AndroidManifest.xml:80:19-68
activity#com.user.activity.UpdatePwdActivity
ADDED from src\main\AndroidManifest.xml:81:9-72
	android:name
		ADDED from src\main\AndroidManifest.xml:81:19-69
activity#com.user.activity.PersonalCenterActivity
ADDED from src\main\AndroidManifest.xml:82:9-77
	android:name
		ADDED from src\main\AndroidManifest.xml:82:19-74
activity#com.user.activity.HelpCenterActivity
ADDED from src\main\AndroidManifest.xml:83:9-73
	android:name
		ADDED from src\main\AndroidManifest.xml:83:19-70
activity#com.user.activity.PersonalDataActivity
ADDED from src\main\AndroidManifest.xml:84:9-75
	android:name
		ADDED from src\main\AndroidManifest.xml:84:19-72
activity#com.user.activity.WithdrawalsActivity
ADDED from src\main\AndroidManifest.xml:85:9-74
	android:name
		ADDED from src\main\AndroidManifest.xml:85:19-71
activity#com.user.activity.MoreActivity
ADDED from src\main\AndroidManifest.xml:86:9-67
	android:name
		ADDED from src\main\AndroidManifest.xml:86:19-64
activity#com.task.activity.WebViewActivity
ADDED from src\main\AndroidManifest.xml:87:9-79
	android:name
		ADDED from src\main\AndroidManifest.xml:87:19-67
activity#com.task.activity.ShareViewActivity
ADDED from src\main\AndroidManifest.xml:88:9-81
	android:name
		ADDED from src\main\AndroidManifest.xml:88:19-69
activity#com.task.activity.MyTaskMaterialDetailActivity
ADDED from src\main\AndroidManifest.xml:89:9-92
	android:name
		ADDED from src\main\AndroidManifest.xml:89:19-80
activity#com.task.activity.TaskDatumSubmitActiviyt
ADDED from src\main\AndroidManifest.xml:90:9-87
	android:name
		ADDED from src\main\AndroidManifest.xml:90:19-75
activity#com.task.activity.ShowTaskMatailDetailActivity
ADDED from src\main\AndroidManifest.xml:91:9-92
	android:name
		ADDED from src\main\AndroidManifest.xml:91:19-80
activity#com.task.activity.ShowCityActivity
ADDED from src\main\AndroidManifest.xml:92:9-80
	android:name
		ADDED from src\main\AndroidManifest.xml:92:19-68
service#com.user.model.download.DownLoadService
ADDED from src\main\AndroidManifest.xml:94:9-102:19
	android:exported
		ADDED from src\main\AndroidManifest.xml:97:13-37
	android:enabled
		ADDED from src\main\AndroidManifest.xml:96:13-35
	android:name
		ADDED from src\main\AndroidManifest.xml:95:13-67
intent-filter#com.user.model.download.DownLoadService.START+com.user.model.download.DownLoadService.STOP
ADDED from src\main\AndroidManifest.xml:98:13-101:29
action#com.user.model.download.DownLoadService.START
ADDED from src\main\AndroidManifest.xml:99:17-88
	android:name
		ADDED from src\main\AndroidManifest.xml:99:25-85
action#com.user.model.download.DownLoadService.STOP
ADDED from src\main\AndroidManifest.xml:100:17-87
	android:name
		ADDED from src\main\AndroidManifest.xml:100:25-84
service#com.task.upload.UploadService
ADDED from src\main\AndroidManifest.xml:104:9-106:48
	android:process
		ADDED from src\main\AndroidManifest.xml:106:13-45
	android:name
		ADDED from src\main\AndroidManifest.xml:105:13-57
meta-data#com.baidu.lbsapi.API_KEY
ADDED from src\main\AndroidManifest.xml:109:9-111:56
	android:name
		ADDED from src\main\AndroidManifest.xml:110:13-52
	android:value
		ADDED from src\main\AndroidManifest.xml:111:13-53
service#com.baidu.location.f
ADDED from src\main\AndroidManifest.xml:113:9-116:41
	android:process
		ADDED from src\main\AndroidManifest.xml:116:13-38
	android:enabled
		ADDED from src\main\AndroidManifest.xml:115:13-35
	android:name
		ADDED from src\main\AndroidManifest.xml:114:13-48